=== 初始化数据管线 ===
数据加载成功! 客户节点数: 50, 车辆额定容量: 60.0

=== 构建时空相容性图 ===
时空相容性图构建完成

=== 开始求解第四问 (50节点多车受限 - 列生成) ===
[Q4 提示] 若看到 Gurobi license 信息，说明当前阻塞点已经进入主问题求解。
系统总需求: 271.0, 理论最小车辆数: 5
开始扫描车辆数约束帕累托前沿: [8, 7, 6, 5]
[Q4 提示] 列生成阶段是阻塞求解，单个 V_max 完成前可能暂时没有新输出。
[Q4 进度] 正在求解 1/4 : V_max = 8
[Q4 提示] 已进入 V_max = 8 的阻塞求解阶段。
[Q4 初始化] 开始构建初始列池 | 已用时=0.00 秒
[Q4 初始化] 已生成初始列 1 条，剩余客户数=40 | 已用时=0.00 秒
[Q4 初始化] 已生成初始列 2 条，剩余客户数=27 | 已用时=0.00 秒
[Q4 初始化] 已生成初始列 4 条，剩余客户数=6 | 已用时=0.01 秒
[Q4 初始化] 初始列池构建完成，列数=5 | 已用时=0.10 秒
[Q4 主问题] 开始主问题求解，当前列数=5 | 已用时=0.10 秒
[Q4 状态] 迭代 1/20 | 当前LP目标值=463590.00 | 列数=6 | 已用时=0.30 秒
[Q4 主问题] 开始主问题求解，当前列数=6 | 已用时=0.30 秒
[Q4 主问题] 开始主问题求解，当前列数=7 | 已用时=0.42 秒
[Q4 主问题] 开始主问题求解，当前列数=8 | 已用时=0.51 秒
[Q4 主问题] 开始主问题求解，当前列数=9 | 已用时=0.59 秒
[Q4 状态] 迭代 5/20 | 当前LP目标值=463590.00 | 列数=10 | 已用时=0.69 秒
[Q4 主问题] 开始主问题求解，当前列数=10 | 已用时=0.69 秒
[Q4 主问题] 开始主问题求解，当前列数=11 | 已用时=0.78 秒
[Q4 主问题] 开始主问题求解，当前列数=12 | 已用时=0.93 秒
[Q4 主问题] 开始主问题求解，当前列数=13 | 已用时=1.11 秒
[Q4 主问题] 开始主问题求解，当前列数=14 | 已用时=1.24 秒
[Q4 状态] 迭代 10/20 | 当前LP目标值=463590.00 | 列数=15 | 已用时=1.39 秒
[Q4 主问题] 开始主问题求解，当前列数=15 | 已用时=1.40 秒
[Q4 资源] 已释放缓存的相容性图数据，降低后续内存压力。
[Q4 完成] V_max = 8 | 用时: 1.53 秒 | LP目标值=463590.00 | 整数目标值=463590.00 | 列数=16
[Q4 列生成] V_max = 8 | 最后一轮reduced_cost=-261174.00 | 最终列数=16
[Q4 进度] 正在求解 2/4 : V_max = 7
[Q4 提示] 已进入 V_max = 7 的阻塞求解阶段。
[Q4 初始化] 开始构建初始列池 | 已用时=0.00 秒
[Q4 初始化] 已生成初始列 1 条，剩余客户数=40 | 已用时=0.00 秒
[Q4 初始化] 已生成初始列 2 条，剩余客户数=27 | 已用时=0.00 秒
[Q4 初始化] 已生成初始列 4 条，剩余客户数=6 | 已用时=0.01 秒
[Q4 初始化] 初始列池构建完成，列数=5 | 已用时=0.08 秒
[Q4 主问题] 开始主问题求解，当前列数=5 | 已用时=0.08 秒
[Q4 状态] 迭代 1/20 | 当前LP目标值=463590.00 | 列数=6 | 已用时=0.17 秒
[Q4 主问题] 开始主问题求解，当前列数=6 | 已用时=0.17 秒
[Q4 主问题] 开始主问题求解，当前列数=7 | 已用时=0.24 秒
[Q4 主问题] 开始主问题求解，当前列数=8 | 已用时=0.33 秒
[Q4 主问题] 开始主问题求解，当前列数=9 | 已用时=0.39 秒
[Q4 状态] 迭代 5/20 | 当前LP目标值=463590.00 | 列数=10 | 已用时=0.45 秒
[Q4 主问题] 开始主问题求解，当前列数=10 | 已用时=0.45 秒
[Q4 主问题] 开始主问题求解，当前列数=11 | 已用时=0.53 秒
[Q4 主问题] 开始主问题求解，当前列数=12 | 已用时=0.62 秒
[Q4 主问题] 开始主问题求解，当前列数=13 | 已用时=0.70 秒
[Q4 主问题] 开始主问题求解，当前列数=14 | 已用时=0.78 秒
[Q4 状态] 迭代 10/20 | 当前LP目标值=463590.00 | 列数=15 | 已用时=0.89 秒
[Q4 主问题] 开始主问题求解，当前列数=15 | 已用时=0.89 秒
[Q4 资源] 已释放缓存的相容性图数据，降低后续内存压力。
[Q4 完成] V_max = 7 | 用时: 1.16 秒 | LP目标值=463590.00 | 整数目标值=463590.00 | 列数=16
[Q4 列生成] V_max = 7 | 最后一轮reduced_cost=-261174.00 | 最终列数=16
[Q4 进度] 正在求解 3/4 : V_max = 6
[Q4 提示] 已进入 V_max = 6 的阻塞求解阶段。
[Q4 初始化] 开始构建初始列池 | 已用时=0.00 秒
[Q4 初始化] 已生成初始列 1 条，剩余客户数=40 | 已用时=0.00 秒
[Q4 初始化] 已生成初始列 2 条，剩余客户数=27 | 已用时=0.00 秒
[Q4 初始化] 已生成初始列 4 条，剩余客户数=6 | 已用时=0.01 秒
[Q4 初始化] 初始列池构建完成，列数=5 | 已用时=0.10 秒
[Q4 主问题] 开始主问题求解，当前列数=5 | 已用时=0.11 秒
[Q4 状态] 迭代 1/20 | 当前LP目标值=463590.00 | 列数=6 | 已用时=0.22 秒
[Q4 主问题] 开始主问题求解，当前列数=6 | 已用时=0.22 秒
[Q4 主问题] 开始主问题求解，当前列数=7 | 已用时=0.33 秒
[Q4 主问题] 开始主问题求解，当前列数=8 | 已用时=0.46 秒
[Q4 主问题] 开始主问题求解，当前列数=9 | 已用时=0.57 秒
[Q4 状态] 迭代 5/20 | 当前LP目标值=463590.00 | 列数=10 | 已用时=0.66 秒
[Q4 主问题] 开始主问题求解，当前列数=10 | 已用时=0.66 秒
[Q4 主问题] 开始主问题求解，当前列数=11 | 已用时=0.74 秒
[Q4 主问题] 开始主问题求解，当前列数=12 | 已用时=0.85 秒
[Q4 主问题] 开始主问题求解，当前列数=13 | 已用时=0.96 秒
[Q4 主问题] 开始主问题求解，当前列数=14 | 已用时=1.07 秒
[Q4 状态] 迭代 10/20 | 当前LP目标值=463590.00 | 列数=15 | 已用时=1.16 秒
[Q4 主问题] 开始主问题求解，当前列数=15 | 已用时=1.16 秒
[Q4 资源] 已释放缓存的相容性图数据，降低后续内存压力。
[Q4 完成] V_max = 6 | 用时: 1.27 秒 | LP目标值=463590.00 | 整数目标值=463590.00 | 列数=16
[Q4 列生成] V_max = 6 | 最后一轮reduced_cost=-261174.00 | 最终列数=16
[Q4 进度] 正在求解 4/4 : V_max = 5
[Q4 提示] 已进入 V_max = 5 的阻塞求解阶段。
[Q4 初始化] 开始构建初始列池 | 已用时=0.00 秒
[Q4 初始化] 已生成初始列 1 条，剩余客户数=40 | 已用时=0.00 秒
[Q4 初始化] 已生成初始列 2 条，剩余客户数=27 | 已用时=0.01 秒
[Q4 初始化] 已生成初始列 4 条，剩余客户数=6 | 已用时=0.01 秒
[Q4 初始化] 初始列池构建完成，列数=5 | 已用时=0.08 秒
[Q4 主问题] 开始主问题求解，当前列数=5 | 已用时=0.08 秒
[Q4 状态] 迭代 1/20 | 当前LP目标值=463590.00 | 列数=6 | 已用时=0.15 秒
[Q4 主问题] 开始主问题求解，当前列数=6 | 已用时=0.15 秒
[Q4 主问题] 开始主问题求解，当前列数=7 | 已用时=0.24 秒
[Q4 主问题] 开始主问题求解，当前列数=8 | 已用时=0.30 秒
[Q4 主问题] 开始主问题求解，当前列数=9 | 已用时=0.38 秒
[Q4 状态] 迭代 5/20 | 当前LP目标值=463590.00 | 列数=10 | 已用时=0.45 秒
[Q4 主问题] 开始主问题求解，当前列数=10 | 已用时=0.45 秒
[Q4 主问题] 开始主问题求解，当前列数=11 | 已用时=0.54 秒
[Q4 主问题] 开始主问题求解，当前列数=12 | 已用时=0.62 秒
[Q4 主问题] 开始主问题求解，当前列数=13 | 已用时=0.70 秒
[Q4 主问题] 开始主问题求解，当前列数=14 | 已用时=0.79 秒
[Q4 状态] 迭代 10/20 | 当前LP目标值=463590.00 | 列数=15 | 已用时=0.89 秒
[Q4 主问题] 开始主问题求解，当前列数=15 | 已用时=0.89 秒
[Q4 资源] 已释放缓存的相容性图数据，降低后续内存压力。
[Q4 完成] V_max = 5 | 用时: 0.99 秒 | LP目标值=463590.00 | 整数目标值=463590.00 | 列数=16
[Q4 列生成] V_max = 5 | 最后一轮reduced_cost=-261174.00 | 最终列数=16

[Q4 敏感性分析结果]
 -> 允许最多 8 辆车时, 综合最优成本为: 463590.00
 -> 允许最多 7 辆车时, 综合最优成本为: 463590.00
 -> 允许最多 6 辆车时, 综合最优成本为: 463590.00
 -> 允许最多 5 辆车时, 综合最优成本为: 463590.00
