=== 初始化数据管线 ===
数据加载成功! 客户节点数: 50, 车辆额定容量: 60.0

=== 构建时空相容性图 ===
时空相容性图构建完成

=== 开始求解第三问 (50节点单车时空聚类-量子协同) ===
[Q3 进度] 聚类后子簇数: 7
  - 子簇 1/7 | cluster_id=0 | 节点数=15 | 迭代次数=15 | 局部目标值=81676.00
      * Q3迭代 01 | travel=16.00 | penalty=81660.00 | objective=81676.00 | route=[44, 38, 14, 16, 17, 45, 8, 36, 47, 19, 11, 31, 7, 18, 6]
      * Q3迭代 02 | travel=16.00 | penalty=84960.00 | objective=84976.00 | route=[6, 18, 7, 31, 11, 19, 47, 36, 8, 45, 17, 16, 44, 38, 14]
      * Q3迭代 03 | travel=21.00 | penalty=106580.00 | objective=106601.00 | route=[38, 44, 14, 16, 17, 45, 47, 8, 6, 18, 7, 19, 31, 11, 36]
      * Q3迭代 04 | travel=23.00 | penalty=138520.00 | objective=138543.00 | route=[6, 14, 38, 44, 16, 17, 45, 7, 8, 18, 31, 19, 36, 11, 47]
      * Q3迭代 05 | travel=25.00 | penalty=110900.00 | objective=110925.00 | route=[31, 6, 16, 14, 38, 44, 17, 18, 8, 47, 45, 36, 19, 7, 11]
      * Q3迭代 06 | travel=30.00 | penalty=183580.00 | objective=183610.00 | route=[36, 31, 47, 11, 7, 45, 18, 19, 8, 17, 44, 14, 38, 16, 6]
      * Q3迭代 07 | travel=32.00 | penalty=185180.00 | objective=185212.00 | route=[36, 7, 47, 11, 8, 19, 45, 16, 14, 44, 6, 31, 18, 17, 38]
      * Q3迭代 08 | travel=36.00 | penalty=217020.00 | objective=217056.00 | route=[14, 16, 38, 6, 44, 17, 8, 31, 36, 7, 47, 11, 18, 45, 19]
      * Q3迭代 09 | travel=40.00 | penalty=287600.00 | objective=287640.00 | route=[19, 18, 44, 45, 6, 14, 16, 38, 17, 47, 7, 36, 31, 8, 11]
      * Q3迭代 10 | travel=48.00 | penalty=341840.00 | objective=341888.00 | route=[36, 45, 44, 47, 31, 6, 16, 17, 14, 8, 7, 38, 19, 18, 11]
      * Q3迭代 11 | travel=58.00 | penalty=514820.00 | objective=514878.00 | route=[36, 18, 47, 44, 31, 17, 19, 38, 8, 14, 6, 7, 16, 45, 11]
      * Q3迭代 12 | travel=59.00 | penalty=485580.00 | objective=485639.00 | route=[38, 47, 18, 36, 45, 44, 8, 16, 19, 17, 31, 14, 7, 6, 11]
      * Q3迭代 13 | travel=60.00 | penalty=520920.00 | objective=520980.00 | route=[11, 45, 31, 44, 7, 14, 47, 17, 36, 18, 16, 8, 38, 6, 19]
      * Q3迭代 14 | travel=60.00 | penalty=499960.00 | objective=500020.00 | route=[11, 45, 38, 18, 14, 31, 47, 6, 8, 44, 19, 16, 36, 17, 7]
      * Q3迭代 15 | travel=64.00 | penalty=653120.00 | objective=653184.00 | route=[8, 36, 44, 18, 38, 31, 45, 14, 19, 6, 47, 16, 7, 17, 11]
  - 子簇 2/7 | cluster_id=1 | 节点数=2 | 迭代次数=3 | 局部目标值=15.00
      * Q3迭代 01 | travel=5.00 | penalty=180.00 | objective=185.00 | route=[49, 30]
      * Q3迭代 02 | travel=5.00 | penalty=10.00 | objective=15.00 | route=[30, 49]
      * Q3迭代 03 | travel=5.00 | penalty=10.00 | objective=15.00 | route=[30, 49]
  - 子簇 3/7 | cluster_id=2 | 节点数=2 | 迭代次数=2 | 局部目标值=2.00
      * Q3迭代 01 | travel=2.00 | penalty=0.00 | objective=2.00 | route=[43, 37]
      * Q3迭代 02 | travel=2.00 | penalty=0.00 | objective=2.00 | route=[43, 37]
  - 子簇 4/7 | cluster_id=3 | 节点数=6 | 迭代次数=15 | 局部目标值=3310.00
      * Q3迭代 01 | travel=10.00 | penalty=4780.00 | objective=4790.00 | route=[34, 24, 26, 3, 50, 1]
      * Q3迭代 02 | travel=10.00 | penalty=3300.00 | objective=3310.00 | route=[34, 1, 50, 3, 26, 24]
      * Q3迭代 03 | travel=12.00 | penalty=7740.00 | objective=7752.00 | route=[26, 50, 34, 24, 3, 1]
      * Q3迭代 04 | travel=12.00 | penalty=4340.00 | objective=4352.00 | route=[34, 3, 24, 50, 26, 1]
      * Q3迭代 05 | travel=13.00 | penalty=11280.00 | objective=11293.00 | route=[26, 50, 24, 34, 1, 3]
      * Q3迭代 06 | travel=13.00 | penalty=8020.00 | objective=8033.00 | route=[34, 3, 24, 1, 26, 50]
      * Q3迭代 07 | travel=13.00 | penalty=9480.00 | objective=9493.00 | route=[26, 34, 3, 24, 1, 50]
      * Q3迭代 08 | travel=15.00 | penalty=24520.00 | objective=24535.00 | route=[1, 24, 26, 34, 50, 3]
      * Q3迭代 09 | travel=16.00 | penalty=10500.00 | objective=10516.00 | route=[3, 34, 26, 1, 24, 50]
      * Q3迭代 10 | travel=14.00 | penalty=14020.00 | objective=14034.00 | route=[50, 24, 1, 34, 3, 26]
      * Q3迭代 11 | travel=13.00 | penalty=8120.00 | objective=8133.00 | route=[50, 24, 26, 3, 34, 1]
      * Q3迭代 12 | travel=15.00 | penalty=6120.00 | objective=6135.00 | route=[3, 50, 34, 26, 24, 1]
      * Q3迭代 13 | travel=13.00 | penalty=5560.00 | objective=5573.00 | route=[3, 50, 34, 24, 26, 1]
      * Q3迭代 14 | travel=13.00 | penalty=8680.00 | objective=8693.00 | route=[3, 50, 1, 24, 34, 26]
      * Q3迭代 15 | travel=13.00 | penalty=8500.00 | objective=8513.00 | route=[50, 34, 24, 3, 1, 26]
  - 子簇 5/7 | cluster_id=4 | 节点数=15 | 迭代次数=15 | 局部目标值=63159.00
      * Q3迭代 01 | travel=19.00 | penalty=63140.00 | objective=63159.00 | route=[33, 29, 12, 28, 27, 2, 21, 4, 25, 39, 23, 22, 41, 42, 15]
      * Q3迭代 02 | travel=19.00 | penalty=95320.00 | objective=95339.00 | route=[15, 42, 41, 22, 23, 39, 25, 4, 21, 2, 27, 28, 12, 33, 29]
      * Q3迭代 03 | travel=23.00 | penalty=121180.00 | objective=121203.00 | route=[15, 42, 2, 41, 22, 23, 4, 39, 25, 29, 33, 12, 21, 28, 27]
      * Q3迭代 04 | travel=27.00 | penalty=135700.00 | objective=135727.00 | route=[33, 27, 12, 29, 25, 23, 39, 4, 28, 21, 22, 15, 42, 41, 2]
      * Q3迭代 05 | travel=31.00 | penalty=143260.00 | objective=143291.00 | route=[42, 2, 15, 41, 22, 21, 39, 29, 28, 33, 27, 12, 4, 23, 25]
      * Q3迭代 06 | travel=31.00 | penalty=143580.00 | objective=143611.00 | route=[42, 2, 15, 41, 22, 39, 21, 23, 4, 12, 27, 33, 28, 29, 25]
      * Q3迭代 07 | travel=37.00 | penalty=215980.00 | objective=216017.00 | route=[33, 25, 28, 4, 29, 12, 39, 41, 22, 42, 2, 15, 23, 21, 27]
      * Q3迭代 08 | travel=39.00 | penalty=235120.00 | objective=235159.00 | route=[29, 4, 41, 23, 15, 22, 39, 28, 2, 42, 27, 21, 12, 25, 33]
      * Q3迭代 09 | travel=42.00 | penalty=269720.00 | objective=269762.00 | route=[29, 27, 42, 21, 25, 12, 23, 41, 15, 2, 28, 39, 22, 4, 33]
      * Q3迭代 10 | travel=44.00 | penalty=295840.00 | objective=295884.00 | route=[33, 25, 21, 15, 41, 23, 29, 27, 42, 28, 4, 22, 2, 39, 12]
      * Q3迭代 11 | travel=47.00 | penalty=305760.00 | objective=305807.00 | route=[27, 29, 4, 41, 39, 33, 25, 22, 28, 15, 21, 42, 23, 2, 12]
      * Q3迭代 12 | travel=47.00 | penalty=317380.00 | objective=317427.00 | route=[33, 21, 15, 28, 25, 27, 29, 4, 41, 39, 2, 23, 42, 22, 12]
      * Q3迭代 13 | travel=52.00 | penalty=345300.00 | objective=345352.00 | route=[28, 42, 33, 4, 27, 23, 12, 2, 22, 25, 41, 21, 29, 39, 15]
      * Q3迭代 14 | travel=56.00 | penalty=437760.00 | objective=437816.00 | route=[33, 23, 28, 42, 12, 22, 29, 21, 15, 39, 27, 4, 2, 41, 25]
      * Q3迭代 15 | travel=60.00 | penalty=491500.00 | objective=491560.00 | route=[29, 23, 33, 21, 41, 28, 22, 27, 39, 42, 25, 2, 4, 15, 12]
  - 子簇 6/7 | cluster_id=5 | 节点数=5 | 迭代次数=5 | 局部目标值=11.00
      * Q3迭代 01 | travel=9.00 | penalty=2000.00 | objective=2009.00 | route=[35, 9, 40, 13, 5]
      * Q3迭代 02 | travel=9.00 | penalty=40.00 | objective=49.00 | route=[5, 13, 40, 9, 35]
      * Q3迭代 03 | travel=11.00 | penalty=3200.00 | objective=3211.00 | route=[35, 9, 13, 40, 5]
      * Q3迭代 04 | travel=11.00 | penalty=0.00 | objective=11.00 | route=[5, 40, 13, 9, 35]
      * Q3迭代 05 | travel=11.00 | penalty=0.00 | objective=11.00 | route=[5, 40, 13, 9, 35]
  - 子簇 7/7 | cluster_id=6 | 节点数=5 | 迭代次数=15 | 局部目标值=647.00
      * Q3迭代 01 | travel=6.00 | penalty=720.00 | objective=726.00 | route=[46, 48, 10, 32, 20]
      * Q3迭代 02 | travel=6.00 | penalty=1280.00 | objective=1286.00 | route=[20, 32, 10, 48, 46]
      * Q3迭代 03 | travel=7.00 | penalty=640.00 | objective=647.00 | route=[46, 48, 10, 20, 32]
      * Q3迭代 04 | travel=10.00 | penalty=2140.00 | objective=2150.00 | route=[46, 48, 20, 10, 32]
      * Q3迭代 05 | travel=13.00 | penalty=6220.00 | objective=6233.00 | route=[20, 46, 48, 32, 10]
      * Q3迭代 06 | travel=16.00 | penalty=10140.00 | objective=10156.00 | route=[32, 48, 10, 46, 20]
      * Q3迭代 07 | travel=16.00 | penalty=9560.00 | objective=9576.00 | route=[32, 46, 10, 48, 20]
      * Q3迭代 08 | travel=17.00 | penalty=5500.00 | objective=5517.00 | route=[10, 20, 46, 32, 48]
      * Q3迭代 09 | travel=10.00 | penalty=1700.00 | objective=1710.00 | route=[10, 20, 32, 46, 48]
      * Q3迭代 10 | travel=7.00 | penalty=640.00 | objective=647.00 | route=[46, 48, 10, 20, 32]
      * Q3迭代 11 | travel=13.00 | penalty=5500.00 | objective=5513.00 | route=[20, 48, 10, 32, 46]
      * Q3迭代 12 | travel=7.00 | penalty=640.00 | objective=647.00 | route=[46, 48, 10, 20, 32]
      * Q3迭代 13 | travel=11.00 | penalty=5140.00 | objective=5151.00 | route=[32, 20, 46, 48, 10]
      * Q3迭代 14 | travel=12.00 | penalty=6120.00 | objective=6132.00 | route=[32, 20, 48, 46, 10]
      * Q3迭代 15 | travel=10.00 | penalty=1300.00 | objective=1310.00 | route=[46, 32, 20, 10, 48]
[Q3 完成] 用时: 227.85 秒
[Q3 结果] 总目标值(成本+惩罚): 9919598.00
[Q3 结果] 纯运输时间: 98.00
[Q3 结果] 时间窗惩罚: 9919500.00
[Q3 结果] 全局路线: [33, 29, 12, 28, 27, 2, 21, 4, 25, 39, 23, 22, 41, 42, 15, 43, 37, 46, 48, 10, 20, 32, 5, 40, 13, 9, 35, 34, 1, 50, 3, 26, 24, 30, 49, 44, 38, 14, 16, 17, 45, 8, 36, 47, 19, 11, 31, 7, 18, 6]

=== 开始求解第四问 (50节点多车受限 - 列生成) ===
系统总需求: 271.0, 理论最小车辆数: 5
开始扫描车辆数约束帕累托前沿: [8, 7, 6, 5]
[Q4 进度] 正在求解 1/4 : V_max = 8
      * Q4迭代 01 | LP=255681.00 | rc=-78747.00 | selected=[2, 3, 4, 8, 12, 14, 15, 21, 22, 23, 36, 39, 44, 45, 47] | route=[47, 36, 8, 45, 44, 14, 15, 2, 21, 22, 23, 39, 4, 12, 3] | added=True | duplicate=False | no_improve=0 | columns=56
      * Q4迭代 02 | LP=255681.00 | rc=-67365.00 | selected=[2, 3, 4, 8, 12, 15, 18, 21, 22, 23, 25, 36, 39, 44, 47] | route=[47, 36, 8, 18, 44, 15, 2, 21, 22, 23, 39, 25, 4, 12, 3] | added=True | duplicate=False | no_improve=0 | columns=57
      * Q4迭代 03 | LP=255681.00 | rc=-78363.00 | selected=[2, 3, 4, 8, 12, 15, 21, 22, 23, 25, 29, 36, 39, 44, 47] | route=[29, 3, 12, 4, 25, 39, 23, 22, 21, 2, 15, 44, 8, 47, 36] | added=True | duplicate=False | no_improve=0 | columns=58
      * Q4迭代 04 | LP=255681.00 | rc=-100706.00 | selected=[2, 3, 4, 8, 12, 15, 21, 22, 23, 25, 30, 36, 39, 47] | route=[15, 2, 21, 22, 23, 39, 25, 4, 12, 3, 30, 47, 36, 8] | added=True | duplicate=False | no_improve=0 | columns=59
      * Q4迭代 05 | LP=255681.00 | rc=-51143.00 | selected=[2, 3, 4, 6, 8, 15, 21, 22, 23, 29, 36, 38, 39, 44, 47] | route=[47, 36, 8, 6, 44, 38, 15, 2, 21, 22, 23, 39, 4, 29, 3] | added=True | duplicate=False | no_improve=0 | columns=60
      * Q4迭代 06 | LP=255681.00 | rc=-51641.00 | selected=[2, 3, 4, 6, 15, 21, 22, 23, 29, 36, 38, 39, 41, 47] | route=[36, 47, 6, 38, 15, 41, 2, 21, 22, 23, 39, 4, 29, 3] | added=True | duplicate=False | no_improve=0 | columns=61
      * Q4迭代 07 | LP=255681.00 | rc=-57541.00 | selected=[2, 3, 4, 5, 6, 15, 21, 23, 25, 29, 36, 38, 39, 45] | route=[36, 45, 5, 6, 38, 15, 2, 21, 23, 39, 25, 4, 29, 3] | added=True | duplicate=False | no_improve=0 | columns=62
      * Q4迭代 08 | LP=255681.00 | rc=-99746.00 | selected=[2, 3, 4, 5, 7, 12, 21, 23, 29, 38, 39, 41, 44] | route=[29, 3, 12, 4, 39, 23, 41, 21, 2, 38, 44, 5, 7] | added=True | duplicate=False | no_improve=0 | columns=63
      * Q4迭代 09 | LP=255681.00 | rc=-114764.00 | selected=[2, 3, 6, 7, 10, 21, 23, 29, 30, 39, 44, 45] | route=[29, 3, 30, 10, 7, 45, 44, 6, 2, 21, 39, 23] | added=True | duplicate=False | no_improve=0 | columns=64
      * Q4迭代 10 | LP=255681.00 | rc=-117003.00 | selected=[2, 3, 4, 9, 13, 21, 23, 25, 30, 38, 39, 44, 45] | route=[30, 9, 3, 4, 25, 39, 23, 21, 2, 13, 45, 44, 38] | added=True | duplicate=False | no_improve=0 | columns=65
      * Q4迭代 11 | LP=255681.00 | rc=-127016.00 | selected=[2, 6, 8, 11, 16, 18, 21, 23, 30, 39, 41, 44] | route=[30, 11, 8, 18, 6, 16, 44, 2, 21, 41, 39, 23] | added=True | duplicate=False | no_improve=0 | columns=66
      * Q4迭代 12 | LP=255681.00 | rc=-154680.00 | selected=[3, 10, 12, 17, 18, 21, 27, 30, 41, 45] | route=[41, 21, 12, 3, 30, 10, 27, 18, 45, 17] | added=True | duplicate=False | no_improve=0 | columns=67
      * Q4迭代 13 | LP=255681.00 | rc=-86018.00 | selected=[2, 4, 6, 7, 11, 12, 20, 25, 29, 36, 38, 47] | route=[38, 2, 6, 7, 47, 36, 11, 20, 29, 12, 4, 25] | added=True | duplicate=False | no_improve=0 | columns=68
      * Q4迭代 14 | LP=255681.00 | rc=-98263.00 | selected=[5, 14, 16, 19, 21, 23, 24, 25, 29, 36, 38, 45, 47] | route=[36, 47, 19, 45, 5, 16, 38, 14, 21, 23, 25, 24, 29] | added=True | duplicate=False | no_improve=0 | columns=69
      * Q4迭代 15 | LP=255681.00 | rc=-85515.00 | selected=[20, 21, 22, 23, 25, 28, 29, 34, 35, 36, 38, 41, 44] | route=[38, 44, 28, 21, 41, 22, 23, 25, 29, 34, 35, 20, 36] | added=True | duplicate=False | no_improve=0 | columns=70
      * Q4迭代 16 | LP=255681.00 | rc=-99497.50 | selected=[5, 13, 20, 21, 29, 31, 34, 38, 39, 40, 44, 47] | route=[47, 31, 20, 34, 29, 39, 21, 40, 13, 5, 44, 38] | added=True | duplicate=False | no_improve=0 | columns=71
      * Q4迭代 17 | LP=255681.00 | rc=-117093.57 | selected=[7, 12, 14, 31, 33, 36, 38, 39, 40, 44, 46] | route=[36, 46, 7, 31, 33, 12, 39, 40, 44, 38, 14] | added=True | duplicate=False | no_improve=0 | columns=72
      * Q4迭代 18 | LP=253596.40 | rc=-68269.60 | selected=[6, 15, 21, 25, 29, 35, 36, 38, 39, 42, 44, 47, 49] | route=[35, 29, 25, 39, 21, 42, 15, 38, 44, 6, 47, 36, 49] | added=True | duplicate=False | no_improve=0 | columns=73
      * Q4迭代 19 | LP=250778.93 | rc=-26489.93 | selected=[9, 11, 21, 23, 25, 28, 29, 35, 36, 38, 39, 44, 47, 50] | route=[38, 44, 47, 36, 11, 50, 28, 21, 23, 39, 25, 29, 35, 9] | added=True | duplicate=False | no_improve=0 | columns=74
      * Q4迭代 20 | LP=249505.00 | rc=-86333.50 | selected=[6, 7, 23, 25, 28, 29, 33, 35, 36, 44, 47, 50] | route=[36, 47, 7, 44, 6, 28, 50, 33, 35, 29, 25, 23] | added=True | duplicate=False | no_improve=0 | columns=75
[Q4 完成] V_max = 8 | 用时: 2116.08 秒 | LP目标值=249505.00 | 整数目标值=299462.00 | 列数=75
[Q4 进度] 正在求解 2/4 : V_max = 7
      * Q4迭代 01 | LP=243560.00 | rc=-78747.00 | selected=[2, 3, 4, 8, 12, 14, 15, 21, 22, 23, 36, 39, 44, 45, 47] | route=[47, 36, 8, 45, 44, 14, 15, 2, 21, 22, 23, 39, 4, 12, 3] | added=True | duplicate=False | no_improve=0 | columns=56
      * Q4迭代 02 | LP=243560.00 | rc=-67365.00 | selected=[2, 3, 4, 8, 12, 15, 18, 21, 22, 23, 25, 36, 39, 44, 47] | route=[47, 36, 8, 18, 44, 15, 2, 21, 22, 23, 39, 25, 4, 12, 3] | added=True | duplicate=False | no_improve=0 | columns=57
      * Q4迭代 03 | LP=243560.00 | rc=-78363.00 | selected=[2, 3, 4, 8, 12, 15, 21, 22, 23, 25, 29, 36, 39, 44, 47] | route=[29, 3, 12, 4, 25, 39, 23, 22, 21, 2, 15, 44, 8, 47, 36] | added=True | duplicate=False | no_improve=0 | columns=58
      * Q4迭代 04 | LP=243560.00 | rc=-100706.00 | selected=[2, 3, 4, 8, 12, 15, 21, 22, 23, 25, 30, 36, 39, 47] | route=[15, 2, 21, 22, 23, 39, 25, 4, 12, 3, 30, 47, 36, 8] | added=True | duplicate=False | no_improve=0 | columns=59
      * Q4迭代 05 | LP=243560.00 | rc=-51143.00 | selected=[2, 3, 4, 6, 8, 15, 21, 22, 23, 29, 36, 38, 39, 44, 47] | route=[47, 36, 8, 6, 44, 38, 15, 2, 21, 22, 23, 39, 4, 29, 3] | added=True | duplicate=False | no_improve=0 | columns=60
      * Q4迭代 06 | LP=243560.00 | rc=-51641.00 | selected=[2, 3, 4, 6, 15, 21, 22, 23, 29, 36, 38, 39, 41, 47] | route=[36, 47, 6, 38, 15, 41, 2, 21, 22, 23, 39, 4, 29, 3] | added=True | duplicate=False | no_improve=0 | columns=61
      * Q4迭代 07 | LP=243560.00 | rc=-57541.00 | selected=[2, 3, 4, 5, 6, 15, 21, 23, 25, 29, 36, 38, 39, 45] | route=[36, 45, 5, 6, 38, 15, 2, 21, 23, 39, 25, 4, 29, 3] | added=True | duplicate=False | no_improve=0 | columns=62
      * Q4迭代 08 | LP=243560.00 | rc=-99746.00 | selected=[2, 3, 4, 5, 7, 12, 21, 23, 29, 38, 39, 41, 44] | route=[29, 3, 12, 4, 39, 23, 41, 21, 2, 38, 44, 5, 7] | added=True | duplicate=False | no_improve=0 | columns=63
      * Q4迭代 09 | LP=243560.00 | rc=-114764.00 | selected=[2, 3, 6, 7, 10, 21, 23, 29, 30, 39, 44, 45] | route=[29, 3, 30, 10, 7, 45, 44, 6, 2, 21, 39, 23] | added=True | duplicate=False | no_improve=0 | columns=64
      * Q4迭代 10 | LP=243560.00 | rc=-117003.00 | selected=[2, 3, 4, 9, 13, 21, 23, 25, 30, 38, 39, 44, 45] | route=[30, 9, 3, 4, 25, 39, 23, 21, 2, 13, 45, 44, 38] | added=True | duplicate=False | no_improve=0 | columns=65
      * Q4迭代 11 | LP=243560.00 | rc=-127016.00 | selected=[2, 6, 8, 11, 16, 18, 21, 23, 30, 39, 41, 44] | route=[30, 11, 8, 18, 6, 16, 44, 2, 21, 41, 39, 23] | added=True | duplicate=False | no_improve=0 | columns=66
      * Q4迭代 12 | LP=243560.00 | rc=-154680.00 | selected=[3, 10, 12, 17, 18, 21, 27, 30, 41, 45] | route=[41, 21, 12, 3, 30, 10, 27, 18, 45, 17] | added=True | duplicate=False | no_improve=0 | columns=67
      * Q4迭代 13 | LP=243560.00 | rc=-86018.00 | selected=[2, 4, 6, 7, 11, 12, 20, 25, 29, 36, 38, 47] | route=[38, 2, 6, 7, 47, 36, 11, 20, 29, 12, 4, 25] | added=True | duplicate=False | no_improve=0 | columns=68
      * Q4迭代 14 | LP=243560.00 | rc=-98263.00 | selected=[5, 14, 16, 19, 21, 23, 24, 25, 29, 36, 38, 45, 47] | route=[36, 47, 19, 45, 5, 16, 38, 14, 21, 23, 25, 24, 29] | added=True | duplicate=False | no_improve=0 | columns=69
      * Q4迭代 15 | LP=243560.00 | rc=-85515.00 | selected=[20, 21, 22, 23, 25, 28, 29, 34, 35, 36, 38, 41, 44] | route=[38, 44, 28, 21, 41, 22, 23, 25, 29, 34, 35, 20, 36] | added=True | duplicate=False | no_improve=0 | columns=70
      * Q4迭代 16 | LP=243560.00 | rc=-99497.50 | selected=[5, 13, 20, 21, 29, 31, 34, 38, 39, 40, 44, 47] | route=[47, 31, 20, 34, 29, 39, 21, 40, 13, 5, 44, 38] | added=True | duplicate=False | no_improve=0 | columns=71
      * Q4迭代 17 | LP=243560.00 | rc=-117093.57 | selected=[7, 12, 14, 31, 33, 36, 38, 39, 40, 44, 46] | route=[36, 46, 7, 31, 33, 12, 39, 40, 44, 38, 14] | added=True | duplicate=False | no_improve=0 | columns=72
      * Q4迭代 18 | LP=241475.40 | rc=-68269.60 | selected=[6, 15, 21, 25, 29, 35, 36, 38, 39, 42, 44, 47, 49] | route=[35, 29, 25, 39, 21, 42, 15, 38, 44, 6, 47, 36, 49] | added=True | duplicate=False | no_improve=0 | columns=73
      * Q4迭代 19 | LP=238657.93 | rc=-26489.93 | selected=[9, 11, 21, 23, 25, 28, 29, 35, 36, 38, 39, 44, 47, 50] | route=[38, 44, 47, 36, 11, 50, 28, 21, 23, 39, 25, 29, 35, 9] | added=True | duplicate=False | no_improve=0 | columns=74
      * Q4迭代 20 | LP=237384.00 | rc=-86333.50 | selected=[6, 7, 23, 25, 28, 29, 33, 35, 36, 44, 47, 50] | route=[36, 47, 7, 44, 6, 28, 50, 33, 35, 29, 25, 23] | added=True | duplicate=False | no_improve=0 | columns=75
[Q4 完成] V_max = 7 | 用时: 2385.25 秒 | LP目标值=237384.00 | 整数目标值=250196.00 | 列数=75
[Q4 进度] 正在求解 3/4 : V_max = 6
      * Q4迭代 01 | LP=231439.00 | rc=-78747.00 | selected=[2, 3, 4, 8, 12, 14, 15, 21, 22, 23, 36, 39, 44, 45, 47] | route=[47, 36, 8, 45, 44, 14, 15, 2, 21, 22, 23, 39, 4, 12, 3] | added=True | duplicate=False | no_improve=0 | columns=56
      * Q4迭代 02 | LP=231439.00 | rc=-67365.00 | selected=[2, 3, 4, 8, 12, 15, 18, 21, 22, 23, 25, 36, 39, 44, 47] | route=[47, 36, 8, 18, 44, 15, 2, 21, 22, 23, 39, 25, 4, 12, 3] | added=True | duplicate=False | no_improve=0 | columns=57
      * Q4迭代 03 | LP=231439.00 | rc=-78363.00 | selected=[2, 3, 4, 8, 12, 15, 21, 22, 23, 25, 29, 36, 39, 44, 47] | route=[29, 3, 12, 4, 25, 39, 23, 22, 21, 2, 15, 44, 8, 47, 36] | added=True | duplicate=False | no_improve=0 | columns=58
      * Q4迭代 04 | LP=231439.00 | rc=-100706.00 | selected=[2, 3, 4, 8, 12, 15, 21, 22, 23, 25, 30, 36, 39, 47] | route=[15, 2, 21, 22, 23, 39, 25, 4, 12, 3, 30, 47, 36, 8] | added=True | duplicate=False | no_improve=0 | columns=59
      * Q4迭代 05 | LP=231439.00 | rc=-51143.00 | selected=[2, 3, 4, 6, 8, 15, 21, 22, 23, 29, 36, 38, 39, 44, 47] | route=[47, 36, 8, 6, 44, 38, 15, 2, 21, 22, 23, 39, 4, 29, 3] | added=True | duplicate=False | no_improve=0 | columns=60
      * Q4迭代 06 | LP=231439.00 | rc=-51641.00 | selected=[2, 3, 4, 6, 15, 21, 22, 23, 29, 36, 38, 39, 41, 47] | route=[36, 47, 6, 38, 15, 41, 2, 21, 22, 23, 39, 4, 29, 3] | added=True | duplicate=False | no_improve=0 | columns=61
      * Q4迭代 07 | LP=231439.00 | rc=-57541.00 | selected=[2, 3, 4, 5, 6, 15, 21, 23, 25, 29, 36, 38, 39, 45] | route=[36, 45, 5, 6, 38, 15, 2, 21, 23, 39, 25, 4, 29, 3] | added=True | duplicate=False | no_improve=0 | columns=62
      * Q4迭代 08 | LP=231439.00 | rc=-99746.00 | selected=[2, 3, 4, 5, 7, 12, 21, 23, 29, 38, 39, 41, 44] | route=[29, 3, 12, 4, 39, 23, 41, 21, 2, 38, 44, 5, 7] | added=True | duplicate=False | no_improve=0 | columns=63
      * Q4迭代 09 | LP=231439.00 | rc=-114764.00 | selected=[2, 3, 6, 7, 10, 21, 23, 29, 30, 39, 44, 45] | route=[29, 3, 30, 10, 7, 45, 44, 6, 2, 21, 39, 23] | added=True | duplicate=False | no_improve=0 | columns=64
      * Q4迭代 10 | LP=231439.00 | rc=-117003.00 | selected=[2, 3, 4, 9, 13, 21, 23, 25, 30, 38, 39, 44, 45] | route=[30, 9, 3, 4, 25, 39, 23, 21, 2, 13, 45, 44, 38] | added=True | duplicate=False | no_improve=0 | columns=65
      * Q4迭代 11 | LP=231439.00 | rc=-127016.00 | selected=[2, 6, 8, 11, 16, 18, 21, 23, 30, 39, 41, 44] | route=[30, 11, 8, 18, 6, 16, 44, 2, 21, 41, 39, 23] | added=True | duplicate=False | no_improve=0 | columns=66
      * Q4迭代 12 | LP=231439.00 | rc=-154680.00 | selected=[3, 10, 12, 17, 18, 21, 27, 30, 41, 45] | route=[41, 21, 12, 3, 30, 10, 27, 18, 45, 17] | added=True | duplicate=False | no_improve=0 | columns=67
      * Q4迭代 13 | LP=231439.00 | rc=-86018.00 | selected=[2, 4, 6, 7, 11, 12, 20, 25, 29, 36, 38, 47] | route=[38, 2, 6, 7, 47, 36, 11, 20, 29, 12, 4, 25] | added=True | duplicate=False | no_improve=0 | columns=68
      * Q4迭代 14 | LP=231439.00 | rc=-98263.00 | selected=[5, 14, 16, 19, 21, 23, 24, 25, 29, 36, 38, 45, 47] | route=[36, 47, 19, 45, 5, 16, 38, 14, 21, 23, 25, 24, 29] | added=True | duplicate=False | no_improve=0 | columns=69
      * Q4迭代 15 | LP=231439.00 | rc=-85515.00 | selected=[20, 21, 22, 23, 25, 28, 29, 34, 35, 36, 38, 41, 44] | route=[38, 44, 28, 21, 41, 22, 23, 25, 29, 34, 35, 20, 36] | added=True | duplicate=False | no_improve=0 | columns=70
      * Q4迭代 16 | LP=231439.00 | rc=-99497.50 | selected=[5, 13, 20, 21, 29, 31, 34, 38, 39, 40, 44, 47] | route=[47, 31, 20, 34, 29, 39, 21, 40, 13, 5, 44, 38] | added=True | duplicate=False | no_improve=0 | columns=71
      * Q4迭代 17 | LP=231439.00 | rc=-117093.57 | selected=[7, 12, 14, 31, 33, 36, 38, 39, 40, 44, 46] | route=[36, 46, 7, 31, 33, 12, 39, 40, 44, 38, 14] | added=True | duplicate=False | no_improve=0 | columns=72
      * Q4迭代 18 | LP=229721.44 | rc=-85883.78 | selected=[1, 6, 25, 29, 35, 36, 38, 39, 42, 44, 47, 49] | route=[38, 44, 42, 6, 39, 25, 29, 35, 1, 47, 36, 49] | added=True | duplicate=False | no_improve=0 | columns=73
      * Q4迭代 19 | LP=226098.73 | rc=-113249.18 | selected=[7, 9, 23, 26, 28, 29, 35, 36, 39, 41, 44, 47, 50] | route=[36, 47, 7, 28, 26, 50, 9, 35, 29, 39, 23, 41, 44] | added=True | duplicate=False | no_improve=0 | columns=74
      * Q4迭代 20 | LP=218061.88 | rc=-112287.65 | selected=[11, 22, 25, 29, 33, 34, 36, 39, 40, 46, 47, 50] | route=[40, 22, 39, 25, 29, 34, 33, 50, 11, 36, 47, 46] | added=True | duplicate=False | no_improve=0 | columns=75
[Q4 完成] V_max = 6 | 用时: 2216.27 秒 | LP目标值=218061.88 | 整数目标值=233983.00 | 列数=75
[Q4 进度] 正在求解 4/4 : V_max = 5
      * Q4迭代 01 | LP=219318.00 | rc=-78747.00 | selected=[2, 3, 4, 8, 12, 14, 15, 21, 22, 23, 36, 39, 44, 45, 47] | route=[47, 36, 8, 45, 44, 14, 15, 2, 21, 22, 23, 39, 4, 12, 3] | added=True | duplicate=False | no_improve=0 | columns=56
      * Q4迭代 02 | LP=219318.00 | rc=-67365.00 | selected=[2, 3, 4, 8, 12, 15, 18, 21, 22, 23, 25, 36, 39, 44, 47] | route=[47, 36, 8, 18, 44, 15, 2, 21, 22, 23, 39, 25, 4, 12, 3] | added=True | duplicate=False | no_improve=0 | columns=57
      * Q4迭代 03 | LP=219318.00 | rc=-78363.00 | selected=[2, 3, 4, 8, 12, 15, 21, 22, 23, 25, 29, 36, 39, 44, 47] | route=[29, 3, 12, 4, 25, 39, 23, 22, 21, 2, 15, 44, 8, 47, 36] | added=True | duplicate=False | no_improve=0 | columns=58
      * Q4迭代 04 | LP=219318.00 | rc=-100706.00 | selected=[2, 3, 4, 8, 12, 15, 21, 22, 23, 25, 30, 36, 39, 47] | route=[15, 2, 21, 22, 23, 39, 25, 4, 12, 3, 30, 47, 36, 8] | added=True | duplicate=False | no_improve=0 | columns=59
      * Q4迭代 05 | LP=219318.00 | rc=-51143.00 | selected=[2, 3, 4, 6, 8, 15, 21, 22, 23, 29, 36, 38, 39, 44, 47] | route=[47, 36, 8, 6, 44, 38, 15, 2, 21, 22, 23, 39, 4, 29, 3] | added=True | duplicate=False | no_improve=0 | columns=60
      * Q4迭代 06 | LP=219318.00 | rc=-51641.00 | selected=[2, 3, 4, 6, 15, 21, 22, 23, 29, 36, 38, 39, 41, 47] | route=[36, 47, 6, 38, 15, 41, 2, 21, 22, 23, 39, 4, 29, 3] | added=True | duplicate=False | no_improve=0 | columns=61
      * Q4迭代 07 | LP=219318.00 | rc=-57541.00 | selected=[2, 3, 4, 5, 6, 15, 21, 23, 25, 29, 36, 38, 39, 45] | route=[36, 45, 5, 6, 38, 15, 2, 21, 23, 39, 25, 4, 29, 3] | added=True | duplicate=False | no_improve=0 | columns=62
      * Q4迭代 08 | LP=219318.00 | rc=-99746.00 | selected=[2, 3, 4, 5, 7, 12, 21, 23, 29, 38, 39, 41, 44] | route=[29, 3, 12, 4, 39, 23, 41, 21, 2, 38, 44, 5, 7] | added=True | duplicate=False | no_improve=0 | columns=63
      * Q4迭代 09 | LP=219318.00 | rc=-114764.00 | selected=[2, 3, 6, 7, 10, 21, 23, 29, 30, 39, 44, 45] | route=[29, 3, 30, 10, 7, 45, 44, 6, 2, 21, 39, 23] | added=True | duplicate=False | no_improve=0 | columns=64
      * Q4迭代 10 | LP=219318.00 | rc=-117003.00 | selected=[2, 3, 4, 9, 13, 21, 23, 25, 30, 38, 39, 44, 45] | route=[30, 9, 3, 4, 25, 39, 23, 21, 2, 13, 45, 44, 38] | added=True | duplicate=False | no_improve=0 | columns=65
      * Q4迭代 11 | LP=219318.00 | rc=-127016.00 | selected=[2, 6, 8, 11, 16, 18, 21, 23, 30, 39, 41, 44] | route=[30, 11, 8, 18, 6, 16, 44, 2, 21, 41, 39, 23] | added=True | duplicate=False | no_improve=0 | columns=66
      * Q4迭代 12 | LP=219318.00 | rc=-154680.00 | selected=[3, 10, 12, 17, 18, 21, 27, 30, 41, 45] | route=[41, 21, 12, 3, 30, 10, 27, 18, 45, 17] | added=True | duplicate=False | no_improve=0 | columns=67
      * Q4迭代 13 | LP=219318.00 | rc=-86018.00 | selected=[2, 4, 6, 7, 11, 12, 20, 25, 29, 36, 38, 47] | route=[38, 2, 6, 7, 47, 36, 11, 20, 29, 12, 4, 25] | added=True | duplicate=False | no_improve=0 | columns=68
      * Q4迭代 14 | LP=219318.00 | rc=-117149.00 | selected=[1, 5, 16, 19, 20, 21, 23, 24, 25, 29, 36, 45, 47] | route=[21, 23, 25, 24, 29, 1, 20, 19, 47, 36, 45, 16, 5] | added=True | duplicate=False | no_improve=0 | columns=69
      * Q4迭代 15 | LP=219318.00 | rc=-100341.40 | selected=[8, 14, 21, 23, 25, 29, 30, 34, 35, 36, 38, 39, 48] | route=[38, 14, 21, 23, 39, 25, 29, 34, 35, 30, 48, 8, 36] | added=True | duplicate=False | no_improve=0 | columns=70
      * Q4迭代 16 | LP=219318.00 | rc=-95157.90 | selected=[8, 20, 25, 28, 29, 34, 38, 40, 41, 44, 47] | route=[38, 44, 47, 8, 28, 40, 41, 25, 29, 34, 20] | added=True | duplicate=False | no_improve=0 | columns=71
      * Q4迭代 17 | LP=219318.00 | rc=-107395.00 | selected=[5, 7, 13, 20, 31, 34, 35, 36, 38, 44, 46, 47] | route=[38, 44, 13, 5, 46, 47, 36, 7, 31, 20, 35, 34] | added=True | duplicate=False | no_improve=0 | columns=72
      * Q4迭代 18 | LP=219318.00 | rc=-107817.39 | selected=[2, 11, 12, 23, 29, 33, 36, 38, 40, 44, 47, 49] | route=[23, 2, 40, 12, 29, 33, 11, 49, 36, 47, 44, 38] | added=True | duplicate=False | no_improve=0 | columns=73
      * Q4迭代 19 | LP=219318.00 | rc=-125593.39 | selected=[1, 6, 21, 22, 25, 29, 36, 38, 39, 42, 44, 50] | route=[38, 44, 42, 6, 21, 22, 39, 25, 29, 50, 1, 36] | added=True | duplicate=False | no_improve=0 | columns=74
      * Q4迭代 20 | LP=219318.00 | rc=-156507.27 | selected=[4, 11, 14, 26, 28, 29, 35, 39, 41, 45, 47, 49] | route=[11, 49, 47, 45, 14, 41, 39, 4, 26, 28, 29, 35] | added=True | duplicate=False | no_improve=0 | columns=75
[Q4 完成] V_max = 5 | 用时: 1550.16 秒 | LP目标值=219318.00 | 整数目标值=219318.00 | 列数=75

[Q4 敏感性分析结果]
 -> 允许最多 8 辆车时, 综合最优成本为: 299462.00
 -> 允许最多 7 辆车时, 综合最优成本为: 250196.00
 -> 允许最多 6 辆车时, 综合最优成本为: 233983.00
 -> 允许最多 5 辆车时, 综合最优成本为: 219318.00

总耗时: 8497.36 秒
结果 JSON 已保存到: advanced_solver_outputs\advanced_solver_results.json
详细日志已保存到: advanced_solver_outputs\advanced_solver_run.log
